<?xml version="1.0" encoding="UTF-8"?>
<!-- Generated by org.testng.reporters.JUnitReportReporter -->
<testsuite skipped="0" hostname="DESKTOP-H0RQGLG" name="org.homeproject.demo.GetAllLinks" tests="1" failures="0" timestamp="14 Nov 2019 04:58:33 GMT" time="15.999" errors="0">
  <testcase name="f" time="15.999" classname="org.homeproject.demo.GetAllLinks"/>
</testsuite> <!-- org.homeproject.demo.GetAllLinks -->
