<?xml version="1.0" encoding="UTF-8"?>
<!-- Generated by org.testng.reporters.JUnitReportReporter -->
<testsuite skipped="0" hostname="DESKTOP-H0RQGLG" name="org.homeproject.demo.ParameterTest" tests="1" failures="0" timestamp="14 Nov 2019 05:14:43 GMT" time="0.001" errors="0">
  <testcase name="parameterTest1" time="0.001" classname="org.homeproject.demo.ParameterTest"/>
</testsuite> <!-- org.homeproject.demo.ParameterTest -->
