<?xml version="1.0" encoding="UTF-8"?>
<!-- Generated by org.testng.reporters.JUnitReportReporter -->
<testsuite skipped="0" hostname="DESKTOP-H0RQGLG" name="org.homeproject.demo.loginTest" tests="2" failures="0" timestamp="14 Nov 2019 05:14:43 GMT" time="15.276" errors="0">
  <testcase name="login2" time="7.833" classname="org.homeproject.demo.loginTest"/>
  <testcase name="login1" time="7.443" classname="org.homeproject.demo.loginTest"/>
</testsuite> <!-- org.homeproject.demo.loginTest -->
