<?xml version="1.0" encoding="UTF-8"?>
<!-- Generated by org.testng.reporters.JUnitReportReporter -->
<testsuite skipped="0" hostname="DESKTOP-H0RQGLG" name="org.homeproject.demo.GetAllLinks" tests="2" failures="0" timestamp="14 Nov 2019 05:14:43 GMT" time="1.200" errors="0">
  <testcase name="f" time="0.550" classname="org.homeproject.demo.GetAllLinks"/>
  <testcase name="test2" time="0.650" classname="org.homeproject.demo.GetAllLinks"/>
</testsuite> <!-- org.homeproject.demo.GetAllLinks -->
